===== docker compose build =====
[+] Building 42.3s (12/12) FINISHED
 => [internal] load build definition from Dockerfile                        0.0s
 => => transferring dockerfile: 387B                                        0.0s
 => [internal] load .dockerignore                                           0.0s
 => => transferring context: 310B                                           0.0s
 => [internal] load metadata for docker.io/library/python:3.12-slim        1.2s
 => [1/6] FROM docker.io/library/python:3.12-slim@sha256:abc123             8.4s
 => [internal] load build context                                           0.1s
 => => transferring context: 48.2kB                                         0.1s
 => [2/6] RUN apt-get update && apt-get install -y --no-install-recommends ffmpeg && rm -rf /var/lib/apt/lists/*   14.7s
 => [3/6] WORKDIR /app                                                      0.0s
 => [4/6] COPY requirements.txt .                                           0.0s
 => [5/6] RUN pip install --no-cache-dir -r requirements.txt               17.2s
 => [6/6] COPY src/ ./src/                                                  0.1s
 => exporting to image                                                      0.6s
 => => exporting layers                                                     0.5s
 => => writing image sha256:def456                                          0.0s
 => => naming to docker.io/library/capstone-lab-agent                      0.0s

===== docker compose up -d =====
[+] Running 3/3
 ✔ Network capstone-lab_app-network  Created                                0.1s
 ✔ Container capstone-lab-vectordb-1 Started                                0.8s
 ✔ Container capstone-lab-agent-1    Started                                1.2s

===== docker ps =====
CONTAINER ID   IMAGE                    COMMAND                  CREATED         STATUS         PORTS                    NAMES
a1b2c3d4e5f6   capstone-lab-agent       "uvicorn api:app --h…"   3 seconds ago   Up 2 seconds   0.0.0.0:8000->8000/tcp   capstone-lab-agent-1
f6e5d4c3b2a1   chromadb/chroma:latest   "/docker-entrypoint.…"   3 seconds ago   Up 2 seconds   0.0.0.0:8001->8000/tcp   capstone-lab-vectordb-1
